<?xml version="1.0" encoding="UTF-8"?>
<testsuite xmlns:xsi="http://www.w3.org/2001/XMLSchema-instance" xsi:noNamespaceSchemaLocation="https://maven.apache.org/surefire/maven-surefire-plugin/xsd/surefire-test-report.xsd" name="B_HandTest" time="0.118" tests="14" errors="0" skipped="0" failures="9">
  <properties>
    <property name="sun.desktop" value="windows"/>
    <property name="awt.toolkit" value="sun.awt.windows.WToolkit"/>
    <property name="java.specification.version" value="11"/>
    <property name="sun.cpu.isalist" value="amd64"/>
    <property name="sun.jnu.encoding" value="Cp1252"/>
    <property name="java.class.path" value="C:\Users\Administrator\Documents\NetBeansProjects\mooc-java-programming-ii\part10-Part10_17.SortThemCards\target\test-classes;C:\Users\Administrator\Documents\NetBeansProjects\mooc-java-programming-ii\part10-Part10_17.SortThemCards\target\classes;C:\Users\Administrator\.m2\repository\junit\junit\4.12\junit-4.12.jar;C:\Users\Administrator\.m2\repository\org\hamcrest\hamcrest-core\1.3\hamcrest-core-1.3.jar;C:\Users\Administrator\.m2\repository\fi\helsinki\cs\tmc\edu-test-utils\0.4.2\edu-test-utils-0.4.2.jar;"/>
    <property name="java.vm.vendor" value="Eclipse Adoptium"/>
    <property name="sun.arch.data.model" value="64"/>
    <property name="user.variant" value=""/>
    <property name="java.vendor.url" value="https://adoptium.net/"/>
    <property name="user.timezone" value="Africa/Nairobi"/>
    <property name="java.vm.specification.version" value="11"/>
    <property name="os.name" value="Windows 10"/>
    <property name="sun.java.launcher" value="SUN_STANDARD"/>
    <property name="user.country" value="US"/>
    <property name="sun.boot.library.path" value="C:\Program Files\Eclipse Adoptium\jdk-11.0.23.9-hotspot\bin"/>
    <property name="sun.java.command" value="C:\Users\ADMINI~1\AppData\Local\Temp\surefire7673826837725111527\surefirebooter7524052502869756386.jar C:\Users\Administrator\AppData\Local\Temp\surefire7673826837725111527 2024-07-05T07-13-31_986-jvmRun1 surefire11651732192938198768tmp surefire_01498902368836115053tmp"/>
    <property name="jdk.debug" value="release"/>
    <property name="surefire.test.class.path" value="C:\Users\Administrator\Documents\NetBeansProjects\mooc-java-programming-ii\part10-Part10_17.SortThemCards\target\test-classes;C:\Users\Administrator\Documents\NetBeansProjects\mooc-java-programming-ii\part10-Part10_17.SortThemCards\target\classes;C:\Users\Administrator\.m2\repository\junit\junit\4.12\junit-4.12.jar;C:\Users\Administrator\.m2\repository\org\hamcrest\hamcrest-core\1.3\hamcrest-core-1.3.jar;C:\Users\Administrator\.m2\repository\fi\helsinki\cs\tmc\edu-test-utils\0.4.2\edu-test-utils-0.4.2.jar;"/>
    <property name="sun.cpu.endian" value="little"/>
    <property name="user.home" value="C:\Users\Administrator"/>
    <property name="user.language" value="en"/>
    <property name="java.specification.vendor" value="Oracle Corporation"/>
    <property name="java.version.date" value="2024-04-16"/>
    <property name="java.home" value="C:\Program Files\Eclipse Adoptium\jdk-11.0.23.9-hotspot"/>
    <property name="file.separator" value="\"/>
    <property name="basedir" value="C:\Users\Administrator\Documents\NetBeansProjects\mooc-java-programming-ii\part10-Part10_17.SortThemCards"/>
    <property name="java.vm.compressedOopsMode" value="32-bit"/>
    <property name="line.separator" value="&#10;"/>
    <property name="java.specification.name" value="Java Platform API Specification"/>
    <property name="java.vm.specification.vendor" value="Oracle Corporation"/>
    <property name="java.awt.graphicsenv" value="sun.awt.Win32GraphicsEnvironment"/>
    <property name="surefire.real.class.path" value="C:\Users\ADMINI~1\AppData\Local\Temp\surefire7673826837725111527\surefirebooter7524052502869756386.jar"/>
    <property name="jdk.net.URLClassPath.disableClassPathURLCheck" value="true"/>
    <property name="user.script" value=""/>
    <property name="sun.management.compiler" value="HotSpot 64-Bit Tiered Compilers"/>
    <property name="java.runtime.version" value="11.0.23+9"/>
    <property name="user.name" value="Administrator"/>
    <property name="path.separator" value=";"/>
    <property name="os.version" value="10.0"/>
    <property name="java.runtime.name" value="OpenJDK Runtime Environment"/>
    <property name="file.encoding" value="UTF-8"/>
    <property name="java.vm.name" value="OpenJDK 64-Bit Server VM"/>
    <property name="java.vendor.version" value="Temurin-11.0.23+9"/>
    <property name="localRepository" value="C:\Users\Administrator\.m2\repository"/>
    <property name="java.vendor.url.bug" value="https://github.com/adoptium/adoptium-support/issues"/>
    <property name="java.io.tmpdir" value="C:\Users\ADMINI~1\AppData\Local\Temp\"/>
    <property name="java.version" value="11.0.23"/>
    <property name="user.dir" value="C:\Users\Administrator\Documents\NetBeansProjects\mooc-java-programming-ii\part10-Part10_17.SortThemCards"/>
    <property name="os.arch" value="amd64"/>
    <property name="java.vm.specification.name" value="Java Virtual Machine Specification"/>
    <property name="java.awt.printerjob" value="sun.awt.windows.WPrinterJob"/>
    <property name="sun.os.patch.level" value=""/>
    <property name="java.library.path" value="C:\Program Files\Eclipse Adoptium\jdk-11.0.23.9-hotspot\bin;C:\Windows\Sun\Java\bin;C:\Windows\system32;C:\Windows;C:\Program Files\Eclipse Adoptium\jdk-11.0.23.9-hotspot\bin;C:\Windows\system32;C:\Windows;C:\Windows\System32\Wbem;C:\Windows\System32\WindowsPowerShell\v1.0\;C:\Windows\System32\OpenSSH\;C:\Program Files\Git\cmd;C:\Users\Administrator\AppData\Local\Microsoft\WindowsApps;;C:\Users\Administrator\AppData\Local\Programs\Microsoft VS Code\bin;."/>
    <property name="java.vm.info" value="mixed mode"/>
    <property name="java.vendor" value="Eclipse Adoptium"/>
    <property name="java.vm.version" value="11.0.23+9"/>
    <property name="java.specification.maintenance.version" value="2"/>
    <property name="sun.io.unicode.encoding" value="UnicodeLittle"/>
    <property name="java.class.version" value="55.0"/>
  </properties>
  <testcase name="onCompareToMethod" classname="B_HandTest" time="0.001">
    <failure message="in class Hand add a method public int compareTo(Hand comparable)" type="java.lang.AssertionError">java.lang.AssertionError: in class Hand add a method public int compareTo(Hand comparable)
	at B_HandTest.onCompareToMethod(B_HandTest.java:253)
</failure>
  </testcase>
  <testcase name="sortedPrintingWorks" classname="B_HandTest" time="0.113">
    <failure message="With code &#10;Hand hand = new Hand();&#10;hand.add( new Card(12,Suit.HEART) ); &#10;hand.add( new Card(14,Suit.DIAMOND) ); &#10;hand.add( new Card(2,Suit.SPADE) ); &#10;hand.add( new Card(2,Suit.CLUB) ); &#10;hand.sort();&#10;hand.print()&#10;second card should be SPADE 2&#10;print was&#10;HEART Q&#10;DIAMOND A&#10;SPADE 2&#10;CLUB 2&#10;" type="java.lang.AssertionError">java.lang.AssertionError: 
With code 
Hand hand = new Hand();
hand.add( new Card(12,Suit.HEART) ); 
hand.add( new Card(14,Suit.DIAMOND) ); 
hand.add( new Card(2,Suit.SPADE) ); 
hand.add( new Card(2,Suit.CLUB) ); 
hand.sort();
hand.print()
second card should be SPADE 2
print was
HEART Q
DIAMOND A
SPADE 2
CLUB 2

	at B_HandTest.sortedPrintingWorks(B_HandTest.java:217)
</failure>
  </testcase>
  <testcase name="methodPrint" classname="B_HandTest" time="0"/>
  <testcase name="methodAdd" classname="B_HandTest" time="0"/>
  <testcase name="methodSort" classname="B_HandTest" time="0.001">
    <failure message="NoSuchElementException, in call sort(). error was caused by code&#10;Hand hand = new Hand();&#10;hand.print();" type="java.lang.AssertionError">java.lang.AssertionError: 
NoSuchElementException, in call sort(). error was caused by code
Hand hand = new Hand();
hand.print();
	at B_HandTest.methodSort(B_HandTest.java:170)
</failure>
  </testcase>
  <testcase name="printingWorks" classname="B_HandTest" time="0"/>
  <testcase name="comparisonWorks1" classname="B_HandTest" time="0.001">
    <failure message="Method compareTo(Hand) of class Hand missing." type="java.lang.AssertionError">java.lang.AssertionError: Method compareTo(Hand) of class Hand missing.
	at B_HandTest.comparisonWorks1(B_HandTest.java:294)
</failure>
  </testcase>
  <testcase name="comparisonWorks2" classname="B_HandTest" time="0">
    <failure message="Method compareTo(Hand) of class Hand missing." type="java.lang.AssertionError">java.lang.AssertionError: Method compareTo(Hand) of class Hand missing.
	at B_HandTest.comparisonWorks2(B_HandTest.java:328)
</failure>
  </testcase>
  <testcase name="comparisonWorks3" classname="B_HandTest" time="0.001">
    <failure message="Method compareTo(Hand) of class Hand missing." type="java.lang.AssertionError">java.lang.AssertionError: Method compareTo(Hand) of class Hand missing.
	at B_HandTest.comparisonWorks3(B_HandTest.java:361)
</failure>
  </testcase>
  <testcase name="comparisonWorks4" classname="B_HandTest" time="0">
    <failure message="Method compareTo(Hand) of class Hand missing." type="java.lang.AssertionError">java.lang.AssertionError: Method compareTo(Hand) of class Hand missing.
	at B_HandTest.comparisonWorks4(B_HandTest.java:402)
</failure>
  </testcase>
  <testcase name="comparisonWorks5" classname="B_HandTest" time="0.001">
    <failure message="Method compareTo(Hand) of class Hand missing." type="java.lang.AssertionError">java.lang.AssertionError: Method compareTo(Hand) of class Hand missing.
	at B_HandTest.comparisonWorks5(B_HandTest.java:445)
</failure>
  </testcase>
  <testcase name="isConstructor" classname="B_HandTest" time="0"/>
  <testcase name="noExtraVariables" classname="B_HandTest" time="0"/>
  <testcase name="onImplementComparableHand" classname="B_HandTest" time="0">
    <failure message="Make sure the class Hand has interface &quot;Comparable&lt;Hand&gt;&quot;" type="java.lang.AssertionError"><![CDATA[java.lang.AssertionError: Make sure the class Hand has interface "Comparable<Hand>"
	at B_HandTest.onImplementComparableHand(B_HandTest.java:239)
]]></failure>
  </testcase>
</testsuite>